<?xml version="1.0" encoding="UTF-8"?>
<!-- Generated by org.testng.reporters.JUnitXMLReporter -->
<testsuite hostname="PL00200269" name="Smoke Test cases" tests="3" failures="1" timestamp="7 Jul 2016 13:10:52 GMT" time="106.287" errors="0">
  <testcase name="test" time="55.505" classname="com.appium.test"/>
  <testcase name="test" time="16.369" classname="com.appium.test2">
    <failure type="org.openqa.selenium.WebDriverException" message="Not yet implemented. Please help us: http://appium.io/get-involved.html (WARNING: The server did not provide any stacktrace information)
Command duration or timeout: 14 milliseconds
Build info: version: &amp;apos;2.53.1&amp;apos;, revision: &amp;apos;a36b8b1cd5757287168e54b817830adce9b0158d&amp;apos;, time: &amp;apos;2016-06-30 19:26:09&amp;apos;
System info: host: &amp;apos;PL00200269&amp;apos;, ip: &amp;apos;192.168.56.1&amp;apos;, os.name: &amp;apos;Windows 7&amp;apos;, os.arch: &amp;apos;amd64&amp;apos;, os.version: &amp;apos;6.1&amp;apos;, java.version: &amp;apos;1.8.0_66&amp;apos;
Driver info: io.appium.java_client.android.AndroidDriver
Capabilities [{appPackage=com.raaga.android, networkConnectionEnabled=true, warnings={}, databaseEnabled=false, deviceName=f1a1f28c, platform=LINUX, appActivity=com.raaga.android.SplashScreen, desired={appPackage=com.raaga.android, appActivity=com.raaga.android.SplashScreen, newCommandTimeout=1000, platformName=Android, deviceName=Android device}, newCommandTimeout=1000, platformVersion=4.4.4, webStorageEnabled=false, locationContextEnabled=false, browserName=Android, takesScreenshot=true, javascriptEnabled=true, platformName=Android}]
Session ID: 0975be43-1530-459d-a4dc-3778cc5ff6bf">
      <![CDATA[org.openqa.selenium.WebDriverException: Not yet implemented. Please help us: http://appium.io/get-involved.html (WARNING: The server did not provide any stacktrace information)
Command duration or timeout: 14 milliseconds
Build info: version: '2.53.1', revision: 'a36b8b1cd5757287168e54b817830adce9b0158d', time: '2016-06-30 19:26:09'
System info: host: 'PL00200269', ip: '192.168.56.1', os.name: 'Windows 7', os.arch: 'amd64', os.version: '6.1', java.version: '1.8.0_66'
Driver info: io.appium.java_client.android.AndroidDriver
Capabilities [{appPackage=com.raaga.android, networkConnectionEnabled=true, warnings={}, databaseEnabled=false, deviceName=f1a1f28c, platform=LINUX, appActivity=com.raaga.android.SplashScreen, desired={appPackage=com.raaga.android, appActivity=com.raaga.android.SplashScreen, newCommandTimeout=1000, platformName=Android, deviceName=Android device}, newCommandTimeout=1000, platformVersion=4.4.4, webStorageEnabled=false, locationContextEnabled=false, browserName=Android, takesScreenshot=true, javascriptEnabled=true, platformName=Android}]
Session ID: 0975be43-1530-459d-a4dc-3778cc5ff6bf
	at org.openqa.selenium.remote.ErrorHandler.createThrowable(ErrorHandler.java:206)
	at org.openqa.selenium.remote.ErrorHandler.throwIfResponseFailed(ErrorHandler.java:158)
	at org.openqa.selenium.remote.RemoteWebDriver.execute(RemoteWebDriver.java:678)
	at io.appium.java_client.DefaultGenericMobileDriver.execute(DefaultGenericMobileDriver.java:51)
	at io.appium.java_client.AppiumDriver.execute(AppiumDriver.java:1)
	at io.appium.java_client.android.AndroidDriver.execute(AndroidDriver.java:1)
	at org.openqa.selenium.remote.RemoteWebDriver.executeScript(RemoteWebDriver.java:577)
	at com.appium.test2.test(test2.java:34)
... Removed 28 stack frames]]>
    </failure>
  </testcase> <!-- test -->
  <testcase name="test" time="34.361" classname="com.appium.test3"/>
</testsuite> <!-- Smoke Test cases -->
