<?xml version="1.0" encoding="UTF-8"?>
<testng-results skipped="0" failed="0" total="4" passed="4">
  <reporter-output>
  </reporter-output>
  <suite name="Automation" duration-ms="123001" started-at="2016-07-12T09:22:56Z" finished-at="2016-07-12T09:24:59Z">
    <groups>
    </groups>
    <test name="Smoke Test cases" duration-ms="123001" started-at="2016-07-12T09:22:56Z" finished-at="2016-07-12T09:24:59Z">
      <class name="com.sql.Test1">
        <test-method status="PASS" signature="Test1()[pri:0, instance:com.sql.Test1@735b478]" name="Test1" duration-ms="39" started-at="2016-07-12T11:24:05Z" finished-at="2016-07-12T11:24:05Z">
          <reporter-output>
          </reporter-output>
        </test-method> <!-- Test1 -->
      </class> <!-- com.sql.Test1 -->
      <class name="com.appium.test">
        <test-method status="PASS" signature="test()[pri:0, instance:com.appium.test@3551a94]" name="test" duration-ms="68685" started-at="2016-07-12T11:22:56Z" finished-at="2016-07-12T11:24:05Z">
          <reporter-output>
          </reporter-output>
        </test-method> <!-- test -->
      </class> <!-- com.appium.test -->
      <class name="com.appium.Before">
        <test-method status="PASS" signature="run()[pri:0, instance:com.appium.Before@36f6e879]" name="run" is-config="true" duration-ms="100025" started-at="2016-07-12T11:21:15Z" finished-at="2016-07-12T11:22:55Z">
          <reporter-output>
          </reporter-output>
        </test-method> <!-- run -->
        <test-method status="PASS" signature="connect()[pri:0, instance:com.sql.SQL@5a61f5df]" name="connect" is-config="true" duration-ms="1135" started-at="2016-07-12T11:22:55Z" finished-at="2016-07-12T11:22:56Z">
          <reporter-output>
          </reporter-output>
        </test-method> <!-- connect -->
      </class> <!-- com.appium.Before -->
      <class name="com.appium.test2">
        <test-method status="PASS" signature="test()[pri:0, instance:com.appium.test2@531be3c5]" name="test" duration-ms="17768" started-at="2016-07-12T11:24:05Z" finished-at="2016-07-12T11:24:23Z">
          <reporter-output>
          </reporter-output>
        </test-method> <!-- test -->
      </class> <!-- com.appium.test2 -->
      <class name="com.appium.test3">
        <test-method status="PASS" signature="test()[pri:0, instance:com.appium.test3@52af6cff]" name="test" duration-ms="36478" started-at="2016-07-12T11:24:23Z" finished-at="2016-07-12T11:24:59Z">
          <reporter-output>
          </reporter-output>
        </test-method> <!-- test -->
      </class> <!-- com.appium.test3 -->
    </test> <!-- Smoke Test cases -->
  </suite> <!-- Automation -->
</testng-results>
