<?xml version="1.0" encoding="UTF-8"?>
<testng-results skipped="0" failed="0" total="1" passed="1">
  <reporter-output>
  </reporter-output>
  <suite name="Default suite" duration-ms="70" started-at="2016-07-12T09:20:35Z" finished-at="2016-07-12T09:20:35Z">
    <groups>
    </groups>
    <test name="Default test" duration-ms="70" started-at="2016-07-12T09:20:35Z" finished-at="2016-07-12T09:20:35Z">
      <class name="com.sql.Test1">
        <test-method status="PASS" signature="Test1()[pri:0, instance:com.sql.Test1@4883b407]" name="Test1" duration-ms="53" started-at="2016-07-12T11:20:35Z" finished-at="2016-07-12T11:20:35Z">
          <reporter-output>
          </reporter-output>
        </test-method> <!-- Test1 -->
      </class> <!-- com.sql.Test1 -->
      <class name="com.sql.SQL">
        <test-method status="PASS" signature="connect()[pri:0, instance:com.sql.SQL@5622fdf]" name="connect" is-config="true" duration-ms="514" started-at="2016-07-12T11:20:35Z" finished-at="2016-07-12T11:20:35Z">
          <reporter-output>
          </reporter-output>
        </test-method> <!-- connect -->
      </class> <!-- com.sql.SQL -->
    </test> <!-- Default test -->
  </suite> <!-- Default suite -->
</testng-results>
