<?xml version="1.0" encoding="UTF-8"?>
<!-- Generated by org.testng.reporters.JUnitXMLReporter -->
<testsuite hostname="PL00200269" name="Smoke Test cases" tests="4" failures="0" timestamp="12 Jul 2016 09:24:59 GMT" time="123.001" errors="0">
  <testcase name="test" time="68.685" classname="com.appium.test"/>
  <testcase name="Test1" time="0.039" classname="com.sql.Test1"/>
  <testcase name="test" time="17.768" classname="com.appium.test2"/>
  <testcase name="test" time="36.478" classname="com.appium.test3"/>
</testsuite> <!-- Smoke Test cases -->
