<?xml version="1.0" encoding="UTF-8"?>
<!-- Generated by org.testng.reporters.JUnitXMLReporter -->
<testsuite hostname="PL00200269" name="Smoke Test cases" tests="4" failures="0" timestamp="20 Jul 2016 13:00:05 GMT" time="111.264" errors="0">
  <testcase name="test" time="59.003" classname="com.appium.test"/>
  <testcase name="Test1" time="0.104" classname="com.sql.test1"/>
  <testcase name="test" time="17.872" classname="com.appium.test2"/>
  <testcase name="test" time="34.263" classname="com.appium.test3"/>
</testsuite> <!-- Smoke Test cases -->
